<?xml version="1.0" encoding="UTF-8"?>
<!-- Generated by org.testng.reporters.JUnitReportReporter -->
<testsuite hostname="LAPTOP-CEFU9615" failures="0" tests="1" name="COmpanyname.jarfile.Depndtest" time="0.016" errors="0" timestamp="17 Nov 2018 02:22:53 GMT" skipped="0">
  <testcase classname="COmpanyname.jarfile.Depndtest" name="Sum" time="0.016"/>
</testsuite> <!-- COmpanyname.jarfile.Depndtest -->
